<?xml version="1.0" encoding="UTF-8"?>
<!-- Generated by org.testng.reporters.JUnitXMLReporter -->
<testsuite hostname="DESKTOP-BURK48L" ignored="0" name="Test" tests="4" failures="4" timestamp="18 Jul 2022 16:46:44 GMT" time="33.527" errors="0">
  <testcase name="launchBrowser" time="0.87" classname="com.moduleone.LoginPage">
    <failure type="java.lang.AssertionError" message="expected [false] but found [true]">
      <![CDATA[java.lang.AssertionError: expected [false] but found [true]
	at com.moduleone.LoginPage.launchBrowser(LoginPage.java:86)
... Removed 31 stack frames]]>
    </failure>
  </testcase> <!-- launchBrowser -->
  <testcase name="launchBrowser" time="0.783" classname="com.moduleone.LoginPage">
    <failure type="java.lang.AssertionError" message="expected [false] but found [true]">
      <![CDATA[java.lang.AssertionError: expected [false] but found [true]
	at com.moduleone.LoginPage.launchBrowser(LoginPage.java:86)
... Removed 31 stack frames]]>
    </failure>
  </testcase> <!-- launchBrowser -->
  <testcase name="launchBrowser" time="0.763" classname="com.moduleone.LoginPage">
    <failure type="java.lang.AssertionError" message="expected [false] but found [true]">
      <![CDATA[java.lang.AssertionError: expected [false] but found [true]
	at com.moduleone.LoginPage.launchBrowser(LoginPage.java:86)
... Removed 31 stack frames]]>
    </failure>
  </testcase> <!-- launchBrowser -->
  <testcase name="launchBrowser" time="0.798" classname="com.moduleone.LoginPage">
    <failure type="java.lang.AssertionError" message="expected [false] but found [true]">
      <![CDATA[java.lang.AssertionError: expected [false] but found [true]
	at com.moduleone.LoginPage.launchBrowser(LoginPage.java:86)
... Removed 31 stack frames]]>
    </failure>
  </testcase> <!-- launchBrowser -->
</testsuite> <!-- Test -->
